<?xml version="1.0" encoding="UTF-8"?>
<!-- Generated by org.testng.reporters.JUnitReportReporter -->
<testsuite skipped="0" hostname="Oprekin-PC" name="com.fblogin.FBlogin" tests="1" failures="0" timestamp="16 Dec 2021 15:45:04 GMT" time="0.282" errors="0">
  <testcase name="testFBlogin" time="0.282" classname="com.fblogin.FBlogin"/>
</testsuite> <!-- com.fblogin.FBlogin -->
