<?xml version="1.0" encoding="UTF-8"?>
<!-- Generated by org.testng.reporters.JUnitReportReporter -->
<testsuite skipped="0" hostname="Oprekin-PC" name="com.testngpractice.TestNGPractice" tests="1" failures="0" timestamp="16 Dec 2021 14:11:34 GMT" time="0.007" errors="0">
  <testcase name="test" time="0.007" classname="com.testngpractice.TestNGPractice"/>
</testsuite> <!-- com.testngpractice.TestNGPractice -->
